[debug] [2020-07-21T06:04:32.995Z] ----------------------------------------------------------------------
[debug] [2020-07-21T06:04:32.996Z] Command:       /usr/local/bin/firebase /Users/bertrandshao/.cache/firebase/tools/lib/node_modules/firebase-tools/lib/bin/firebase deploy
[debug] [2020-07-21T06:04:32.997Z] CLI Version:   8.4.3
[debug] [2020-07-21T06:04:32.997Z] Platform:      darwin
[debug] [2020-07-21T06:04:32.997Z] Node Version:  v12.16.1
[debug] [2020-07-21T06:04:33.001Z] Time:          Mon Jul 20 2020 23:04:32 GMT-0700 (Pacific Daylight Time)
[debug] [2020-07-21T06:04:33.001Z] ----------------------------------------------------------------------
[debug] [2020-07-21T06:04:33.001Z] 
[debug] [2020-07-21T06:04:33.009Z] > command requires scopes: ["email","openid","https://www.googleapis.com/auth/cloudplatformprojects.readonly","https://www.googleapis.com/auth/firebase","https://www.googleapis.com/auth/cloud-platform"]
[debug] [2020-07-21T06:04:33.010Z] > authorizing via signed-in user
[debug] [2020-07-21T06:04:33.010Z] [iam] checking project accountability-tracker-friends for permissions ["firebase.projects.get","firebasehosting.sites.update"]
[debug] [2020-07-21T06:04:33.013Z] >>> HTTP REQUEST POST https://cloudresourcemanager.googleapis.com/v1/projects/accountability-tracker-friends:testIamPermissions  
 {"permissions":["firebase.projects.get","firebasehosting.sites.update"]}
[debug] [2020-07-21T06:04:33.405Z] <<< HTTP RESPONSE 200 {"content-type":"application/json; charset=UTF-8","vary":"X-Origin, Referer, Origin,Accept-Encoding","date":"Tue, 21 Jul 2020 06:04:33 GMT","server":"ESF","cache-control":"private","x-xss-protection":"0","x-frame-options":"SAMEORIGIN","x-content-type-options":"nosniff","server-timing":"gfet4t7; dur=248","alt-svc":"h3-29=\":443\"; ma=2592000,h3-27=\":443\"; ma=2592000,h3-25=\":443\"; ma=2592000,h3-T050=\":443\"; ma=2592000,h3-Q050=\":443\"; ma=2592000,h3-Q046=\":443\"; ma=2592000,h3-Q043=\":443\"; ma=2592000,quic=\":443\"; ma=2592000; v=\"46,43\"","accept-ranges":"none","transfer-encoding":"chunked"}
[debug] [2020-07-21T06:04:33.407Z] >>> HTTP REQUEST GET https://firebase.googleapis.com/v1beta1/projects/accountability-tracker-friends  
 
[debug] [2020-07-21T06:04:33.585Z] <<< HTTP RESPONSE 200 {"content-type":"application/json; charset=UTF-8","vary":"X-Origin, Referer, Origin,Accept-Encoding","date":"Tue, 21 Jul 2020 06:04:33 GMT","server":"ESF","cache-control":"private","x-xss-protection":"0","x-frame-options":"SAMEORIGIN","x-content-type-options":"nosniff","alt-svc":"h3-29=\":443\"; ma=2592000,h3-27=\":443\"; ma=2592000,h3-T050=\":443\"; ma=2592000,h3-Q050=\":443\"; ma=2592000,h3-Q046=\":443\"; ma=2592000,h3-Q043=\":443\"; ma=2592000,quic=\":443\"; ma=2592000; v=\"46,43\"","accept-ranges":"none","transfer-encoding":"chunked"}
[info] 
[info] === Deploying to 'accountability-tracker-friends'...
[info] 
[info] i  deploying hosting 
[debug] [2020-07-21T06:04:33.590Z] >>> HTTP REQUEST POST https://firebasehosting.googleapis.com/v1beta1/sites/accountability-tracker-friends/versions  
 {"config":{"rewrites":[{"glob":"**","path":"/index.html"}]},"labels":{"deployment-tool":"cli-firebase"}}
[debug] [2020-07-21T06:04:34.179Z] <<< HTTP RESPONSE 200 {"content-type":"application/json; charset=UTF-8","vary":"X-Origin, Referer, Origin,Accept-Encoding","date":"Tue, 21 Jul 2020 06:04:34 GMT","server":"ESF","cache-control":"private","x-xss-protection":"0","x-frame-options":"SAMEORIGIN","x-content-type-options":"nosniff","alt-svc":"h3-29=\":443\"; ma=2592000,h3-27=\":443\"; ma=2592000,h3-25=\":443\"; ma=2592000,h3-T050=\":443\"; ma=2592000,h3-Q050=\":443\"; ma=2592000,h3-Q046=\":443\"; ma=2592000,h3-Q043=\":443\"; ma=2592000,quic=\":443\"; ma=2592000; v=\"46,43\"","accept-ranges":"none","transfer-encoding":"chunked"}
[info] i  hosting[accountability-tracker-friends]: beginning deploy... 
[info] i  hosting[accountability-tracker-friends]: found 20 files in build 
[debug] [2020-07-21T06:04:34.483Z] [hosting] hash cache [YnVpbGQ] stored for 20 files
[debug] [2020-07-21T06:04:34.484Z] [hosting][hash queue][FINAL] {"max":281,"min":9,"avg":27.5,"active":0,"complete":20,"success":20,"errored":0,"retried":0,"total":20,"elapsed":289}
[debug] [2020-07-21T06:04:34.484Z] >>> HTTP REQUEST POST https://firebasehosting.googleapis.com/v1beta1/sites/accountability-tracker-friends/versions/9e939746e116827c:populateFiles  
 <request body omitted>
[debug] [2020-07-21T06:04:35.040Z] <<< HTTP RESPONSE 200 {"content-type":"application/json; charset=UTF-8","vary":"X-Origin, Referer, Origin,Accept-Encoding","date":"Tue, 21 Jul 2020 06:04:34 GMT","server":"ESF","cache-control":"private","x-xss-protection":"0","x-frame-options":"SAMEORIGIN","x-content-type-options":"nosniff","alt-svc":"h3-29=\":443\"; ma=2592000,h3-27=\":443\"; ma=2592000,h3-25=\":443\"; ma=2592000,h3-T050=\":443\"; ma=2592000,h3-Q050=\":443\"; ma=2592000,h3-Q046=\":443\"; ma=2592000,h3-Q043=\":443\"; ma=2592000,quic=\":443\"; ma=2592000; v=\"46,43\"","accept-ranges":"none","transfer-encoding":"chunked"}
[debug] [2020-07-21T06:04:35.044Z] [hosting][populate queue][FINAL] {"max":558,"min":558,"avg":558,"active":0,"complete":1,"success":1,"errored":0,"retried":0,"total":1,"elapsed":561}
[debug] [2020-07-21T06:04:35.044Z] [hosting] uploads queued: 6
